build/app/outputs/mapping/release/seeds.txt
id.gawe.gaweid2.MainActivity: MainActivity()
id.gawe.gaweid2.MainActivity
...
com.twitter.sdk.android.tweetui.internal.MediaBadgeView: MediaBadgeView(android.content.Context,android.util.AttributeSet,int)
androidx.appcompat.widget.AppCompatImageView: android.graphics.PorterDuff$Mode getSupportBackgroundTintMode()
com.google.android.material.R$attr: int searchIcon
com.pichillilorenzo.flutter_inappwebview.in_app_webview.InAppWebViewChromeClient$12: com.pichillilorenzo.flutter_inappwebview.in_app_webview.InAppWebViewChromeClient this$0
com.google.android.gms.measurement.internal.AppMeasurementDynamiteService: void onActivityCreated(com.google.android.gms.dynamic.IObjectWrapper,android.os.Bundle,long)
com.google.android.material.button.MaterialButton: android.content.res.ColorStateList getStrokeColor()
com.onesignal.R$anim: int abc_grow_fade_in_from_bottom
com.facebook.common.R$layout: int abc_expanded_menu_layout
com.pichillilorenzo.flutter_inappwebview.R$style: int Theme_AppCompat_DayNight_DarkActionBar
com.pichillilorenzo.flutter_inappwebview.credential_database.CredentialDatabaseHelper: java.lang.String SQL_DELETE_CREDENTIAL_TABLE
com.google.android.material.R$style: int Base_V7_Widget_AppCompat_EditText
com.pichillilorenzo.flutter_inappwebview.in_app_webview.InAppWebViewOptions: android.webkit.WebSettings$LayoutAlgorithm layoutAlgorithm
com.pichillilorenzo.flutter_inappwebview.plugin_scripts_js.OnLoadResourceJS: java.lang.String ON_LOAD_RESOURCE_JS_SOURCE
androidx.versionedparcelable.CustomVersionedParcelable: CustomVersionedParcelable()
com.onesignal.shortcutbadger.impl.HuaweiHomeBadger: HuaweiHomeBadger()
androidx.appcompat.R$styleable: int FontFamilyFont_android_ttcIndex
com.onesignal.R$id: int action_image
com.pichillilorenzo.flutter_inappwebview.in_app_webview.InAppWebViewClient$5
androidx.transition.R$id: int notification_main_column
com.pichillilorenzo.flutter_inappwebview.types.UserScript: java.lang.String getSource()
com.google.android.material.R$styleable: int MaterialComponentsTheme_chipStyle
com.google.android.gms.internal.vision.zzea$zzl: long zzno
com.pichillilorenzo.flutter_inappwebview.R$style: int Base_ThemeOverlay_AppCompat_Dark
androidx.appcompat.R$style: int Theme_AppCompat_DayNight_Dialog_Alert
com.pichillilorenzo.flutter_inappwebview.R$styleable: int MenuItem_actionViewClass
com.pichillilorenzo.flutter_inappwebview.R$style: int Base_TextAppearance_AppCompat_Medium
androidx.recyclerview.widget.RecyclerView: void setItemAnimator(androidx.recyclerview.widget.RecyclerView$ItemAnimator)
com.onesignal.R$id: int browser_actions_menu_item_icon
com.pichillilorenzo.flutter_inappwebview.R$style: int Base_Widget_AppCompat_CompoundButton_RadioButton
com.google.android.material.R$attr: int autoCompleteTextViewStyle
com.facebook.common.R$id: int scrollView
com.facebook.common.R$style: int Base_DialogWindowTitleBackground_AppCompat
androidx.appcompat.app.AppCompatViewInflater: androidx.appcompat.widget.AppCompatCheckedTextView createCheckedTextView(android.content.Context,android.util.AttributeSet)
androidx.appcompat.R$style: int Widget_AppCompat_ActionBar_TabView
androidx.appcompat.R$styleable: int AppCompatTextView_textAllCaps
androidx.swiperefreshlayout.widget.SwipeRefreshLayout: void dispatchNestedScroll(int,int,int,int,int[],int,int[])
androidx.vectordrawable.graphics.drawable.VectorDrawableCompat$VFullPath
com.pichillilorenzo.flutter_inappwebview.InAppWebViewFlutterPlugin: void onDetachedFromActivity()
com.pichillilorenzo.flutter_inappwebview.R$styleable: int ActionBar_progressBarPadding
com.baseflow.geolocator.tasks.LocationUpdatesUsingLocationServicesTask: boolean access$100(com.baseflow.geolocator.tasks.LocationUpdatesUsingLocationServicesTask)
com.twitter.sdk.android.tweetui.R$layout: int tw__video_control
com.google.android.material.R$styleable: int MenuView_subMenuArrow
com.pichillilorenzo.flutter_inappwebview.R$styleable: int Toolbar_menu
com.google.android.gms.measurement.internal.AppMeasurementDynamiteService: void setMinimumSessionDuration(long)
io.flutter.view.FlutterView