build/app/outputs/mapping/release/mapping.txt
# compiler: R8
# compiler_version: 1.6.82
# min_api: 17
# pg_map_id: 82de029
# common_typos_disable
id.gawe.gaweid2.MainActivity -> id.gawe.gaweid2.MainActivity:
    void configureFlutterEngine(io.flutter.embedding.engine.FlutterEngine) -> b
...
androidx.work.impl.utils.futures.AbstractFuture$Failure$1 -> androidx.work.impl.utils.o.a$d$a:
androidx.work.impl.utils.futures.AbstractFuture$Listener -> androidx.work.impl.utils.o.a$e:
    androidx.work.impl.utils.futures.AbstractFuture$Listener next -> c
    androidx.work.impl.utils.futures.AbstractFuture$Listener TOMBSTONE -> d
    java.util.concurrent.Executor executor -> b
    java.lang.Runnable task -> a
androidx.work.impl.utils.futures.AbstractFuture$SafeAtomicHelper -> androidx.work.impl.utils.o.a$f:
    java.util.concurrent.atomic.AtomicReferenceFieldUpdater waiterNextUpdater -> b
    java.util.concurrent.atomic.AtomicReferenceFieldUpdater waitersUpdater -> c
    java.util.concurrent.atomic.AtomicReferenceFieldUpdater waiterThreadUpdater -> a
    java.util.concurrent.atomic.AtomicReferenceFieldUpdater listenersUpdater -> d
    java.util.concurrent.atomic.AtomicReferenceFieldUpdater valueUpdater -> e
    boolean casListeners(androidx.work.impl.utils.futures.AbstractFuture,androidx.work.impl.utils.futures.AbstractFuture$Listener,androidx.work.impl.utils.futures.AbstractFuture$Listener) -> a
    boolean casValue(androidx.work.impl.utils.futures.AbstractFuture,java.lang.Object,java.lang.Object) -> a
    boolean casWaiters(androidx.work.impl.utils.futures.AbstractFuture,androidx.work.impl.utils.futures.AbstractFuture$Waiter,androidx.work.impl.utils.futures.AbstractFuture$Waiter) -> a
    void putNext(androidx.work.impl.utils.futures.AbstractFuture$Waiter,androidx.work.impl.utils.futures.AbstractFuture$Waiter) -> a
    void putThread(androidx.work.impl.utils.futures.AbstractFuture$Waiter,java.lang.Thread) -> a
androidx.work.impl.utils.futures.AbstractFuture$SetFuture -> androidx.work.impl.utils.o.a$g:
    androidx.work.impl.utils.futures.AbstractFuture owner -> c
    com.google.common.util.concurrent.ListenableFuture future -> d
androidx.work.impl.utils.futures.AbstractFuture$SynchronizedHelper -> androidx.work.impl.utils.o.a$h:
    boolean casListeners(androidx.work.impl.utils.futures.AbstractFuture,androidx.work.impl.utils.futures.AbstractFuture$Listener,androidx.work.impl.utils.futures.AbstractFuture$Listener) -> a
    boolean casValue(androidx.work.impl.utils.futures.AbstractFuture,java.lang.Object,java.lang.Object) -> a
    boolean casWaiters(androidx.work.impl.utils.futures.AbstractFuture,androidx.work.impl.utils.futures.AbstractFuture$Waiter,androidx.work.impl.utils.futures.AbstractFuture$Waiter) -> a
    void putNext(androidx.work.impl.utils.futures.AbstractFuture$Waiter,androidx.work.impl.utils.futures.AbstractFuture$Waiter) -> a
    void putThread(androidx.work.impl.utils.futures.AbstractFuture$Waiter,java.lang.Thread) -> a
androidx.work.impl.utils.futures.AbstractFuture$Waiter -> androidx.work.impl.utils.o.a$i:
    java.lang.Thread thread -> a
    androidx.work.impl.utils.futures.AbstractFuture$Waiter TOMBSTONE -> c
    androidx.work.impl.utils.futures.AbstractFuture$Waiter next -> b
    void setNext(androidx.work.impl.utils.futures.AbstractFuture$Waiter) -> a
    void unpark() -> a
androidx.work.impl.utils.futures.DirectExecutor -> androidx.work.impl.utils.o.b:
    androidx.work.impl.utils.futures.DirectExecutor[] $VALUES -> d
    androidx.work.impl.utils.futures.DirectExecutor INSTANCE -> c
androidx.work.impl.utils.futures.SettableFuture -> androidx.work.impl.utils.o.c:
    boolean set(java.lang.Object) -> a
    boolean setException(java.lang.Throwable) -> a
    boolean setFuture(com.google.common.util.concurrent.ListenableFuture) -> a
    androidx.work.impl.utils.futures.SettableFuture create() -> d
androidx.work.impl.utils.taskexecutor.TaskExecutor -> androidx.work.impl.utils.p.a:
    void executeOnBackgroundThread(java.lang.Runnable) -> a
    java.util.concurrent.Executor getMainThreadExecutor() -> a
    androidx.work.impl.utils.SerialExecutor getBackgroundExecutor() -> b