build/app/outputs/mapping/release/usage.txt
id.gawe.gaweid2.R$integer
id.gawe.gaweid2.R$animator
id.gawe.gaweid2.R$xml
id.gawe.gaweid2.R$menu
id.gawe.gaweid2.R$bool
id.gawe.gaweid2.R$color
id.gawe.gaweid2.R$plurals
id.gawe.gaweid2.R$anim
id.gawe.gaweid2.R$dimen
id.gawe.gaweid2.R$style
id.gawe.gaweid2.R$attr
id.gawe.gaweid2.BuildConfig
id.gawe.gaweid2.R$drawable
id.gawe.gaweid2.R$styleable
id.gawe.gaweid2.R$interpolator
id.gawe.gaweid2.R$raw
id.gawe.gaweid2.R$mipmap
id.gawe.gaweid2.R$id
id.gawe.gaweid2.R
id.gawe.gaweid2.R$string
id.gawe.gaweid2.R$layout
...
com.google.android.material.internal.TextScale
com.google.common.collect.StandardTable$ColumnMap$ColumnMapEntrySet
kotlin.jvm.internal.ShortCompanionObject
androidx.core.content.pm.PackageInfoCompat:
    public static java.util.List getSignatures(android.content.pm.PackageManager,java.lang.String)
    public static boolean hasSignatures(android.content.pm.PackageManager,java.lang.String,java.util.Map,boolean)
    private static boolean byteArrayContains(byte[][],byte[])
    private static byte[] computeSHA256Digest(byte[])
    private void <init>()
okhttp3.Cache$CacheResponseBody$1
com.google.android.gms.maps.internal.zzbb
com.google.common.collect.ForwardingTable
androidx.swiperefreshlayout.widget.CircularProgressDrawable$ProgressDrawableSize
com.google.android.play.core.internal.br:
    public static java.lang.Object a(java.lang.Object,java.lang.String,java.lang.Class,java.lang.Class,java.lang.Object)
    public static java.lang.Object a(java.lang.Object,java.lang.String,java.lang.Class,java.lang.Class,java.lang.Object,java.lang.Class,java.lang.Object,java.lang.Class,java.lang.Object)
    public static com.google.android.play.core.internal.bq a(java.lang.Object,java.lang.String,java.lang.Class)
    private static varargs java.lang.reflect.Method a(java.lang.Object,java.lang.String,java.lang.Class[])
    private static varargs java.lang.reflect.Method a(java.lang.Class,java.lang.String,java.lang.Class[])
    private static java.lang.reflect.Field a(java.lang.Object,java.lang.String)
    public static com.google.android.play.core.internal.bq b(java.lang.Object,java.lang.String,java.lang.Class)
    public static java.lang.Object a(java.lang.Class,java.lang.Class,java.lang.Class,java.lang.Object)
    public static java.lang.Object a(java.lang.Class,java.lang.Class,java.lang.Class,java.lang.Object,java.lang.Class,java.lang.Object)
com.google.android.exoplayer2.offline.SegmentDownloader$Segment
io.flutter.plugin.common.MethodCall:
    public boolean hasArgument(java.lang.String)
androidx.appcompat.widget.AppCompatHintHelper:
    private void <init>()
okhttp3.MediaType:
    public java.lang.String subtype()
    public java.nio.charset.Charset charset()
    private static final java.lang.String TOKEN
    private static final java.lang.String QUOTED
com.google.common.graph.EndpointPairIterator$1
com.google.android.gms.tasks.R
androidx.work.impl.model.WorkSpec$WorkInfoPojo
androidx.core.content.LocusIdCompat:
    public void <init>(java.lang.String)
    public static androidx.core.content.LocusIdCompat toLocusIdCompat(android.content.LocusId)
    private java.lang.String getSanitizedId()
    public java.lang.String getId()
    public int hashCode()
    public boolean equals(java.lang.Object)
    public java.lang.String toString()
    private final java.lang.String mId
    private final android.content.LocusId mWrapped
androidx.transition.AnimatorUtils:
    private void <init>()
com.google.common.collect.TreeRangeMap
androidx.work.impl.utils.PreferenceUtils:
    public long getLastCancelAllTimeMillis()
    public androidx.lifecycle.LiveData getLastCancelAllTimeMillisLiveData()
    public void setLastCancelAllTimeMillis(long)
    public static final java.lang.String PREFERENCES_FILE_NAME
    public static final java.lang.String KEY_LAST_CANCEL_ALL_TIME_MS
    public static final java.lang.String KEY_RESCHEDULE_NEEDED
com.google.android.exoplayer2.text.ttml.TextEmphasis:
    public static final int MARK_SHAPE_AUTO
    public static final int POSITION_OUTSIDE
com.google.common.collect.ImmutableMapKeySet
com.google.android.gms.internal.location.zzah
kotlin.reflect.KProperty$DefaultImpls